mode: set
github.com/mavix21/awesome-api/main.go:13.14,15.43 2 0
github.com/mavix21/awesome-api/main.go:15.43,17.3 1 0
github.com/mavix21/awesome-api/main.go:18.2,21.57 2 0
github.com/mavix21/awesome-api/main.go:24.32,36.2 4 1
github.com/mavix21/awesome-api/main.go:38.65,46.2 2 1
github.com/mavix21/awesome-api/main.go:48.59,56.25 4 1
github.com/mavix21/awesome-api/main.go:57.10,59.18 1 1
github.com/mavix21/awesome-api/main.go:60.11,62.24 1 1
github.com/mavix21/awesome-api/main.go:66.2,66.16 1 1
github.com/mavix21/awesome-api/main.go:66.16,69.3 2 1
github.com/mavix21/awesome-api/main.go:72.2,75.56 2 1
